<?xml version="1.0" encoding="utf-8" standalone="no"?>
<!--This file represents the results of running a test suite-->
<test-results name="C:\Users\Evgen\Documents\GitHub\StepByStep\ClassLibrary\ClassLibrary\bin\Debug\ClassLibrary.dll" total="2" errors="0" failures="0" not-run="0" inconclusive="0" ignored="0" skipped="0" invalid="0" date="2014-08-15" time="13:54:00">
  <environment nunit-version="2.6.3.13283" clr-version="2.0.50727.5477" os-version="Microsoft Windows NT 6.1.7601 Service Pack 1" platform="Win32NT" cwd="C:\Users\Evgen\Documents\GitHub\StepByStep\ClassLibrary\ClassLibrary\bin\Debug" machine-name="TOASTER001PC" user="Evgen" user-domain="TOASTER001pc" />
  <culture-info current-culture="ru-RU" current-uiculture="ru-RU" />
  <test-suite type="Assembly" name="C:\Users\Evgen\Documents\GitHub\StepByStep\ClassLibrary\ClassLibrary\bin\Debug\ClassLibrary.dll" executed="True" result="Success" success="True" time="10.335" asserts="0">
    <results>
      <test-suite type="Namespace" name="ClassLibrary" executed="True" result="Success" success="True" time="10.253" asserts="0">
        <results>
          <test-suite type="TestFixture" name="Class1" executed="True" result="Success" success="True" time="10.241" asserts="0">
            <results>
              <test-case name="ClassLibrary.Class1.AssertClassFail" executed="True" result="Success" success="True" time="5.116" asserts="1" />
              <test-case name="ClassLibrary.Class1.AssertClassStart" executed="True" result="Success" success="True" time="5.003" asserts="1" />
            </results>
          </test-suite>
        </results>
      </test-suite>
    </results>
  </test-suite>
</test-results>