<?xml version="1.0" encoding="utf-8" standalone="no"?>
<!--This file represents the results of running a test suite-->
<test-results name="D:\Евген\Project\NewProject\auction\auction\bin\Debug\auction.dll" total="1" errors="0" failures="0" not-run="0" inconclusive="0" ignored="0" skipped="0" invalid="0" date="2014-07-30" time="17:51:27">
  <environment nunit-version="2.6.3.13283" clr-version="2.0.50727.5477" os-version="Microsoft Windows NT 6.1.7601 Service Pack 1" platform="Win32NT" cwd="D:\Евген\Project\NewProject\auction\auction\bin\Debug" machine-name="TOASTER001PC" user="Evgen" user-domain="TOASTER001pc" />
  <culture-info current-culture="ru-RU" current-uiculture="ru-RU" />
  <test-suite type="Assembly" name="D:\Евген\Project\NewProject\auction\auction\bin\Debug\auction.dll" executed="True" result="Success" success="True" time="53.373" asserts="0">
    <results>
      <test-suite type="Namespace" name="auction" executed="True" result="Success" success="True" time="53.291" asserts="0">
        <results>
          <test-suite type="TestFixture" name="StartPage" executed="True" result="Success" success="True" time="53.250" asserts="0">
            <results>
              <test-case name="auction.StartPage.StartTest" executed="True" result="Success" success="True" time="23.454" asserts="0" />
            </results>
          </test-suite>
        </results>
      </test-suite>
    </results>
  </test-suite>
</test-results>